Reading package lists...
Building dependency tree...
Reading state information...
Hit:1 http://jp.archive.ubuntu.com/ubuntu jammy InRelease
Get:2 http://jp.archive.ubuntu.com/ubuntu jammy-updates InRelease [128 kB]
Get:3 http://jp.archive.ubuntu.com/ubuntu jammy-backports InRelease [127 kB]
Get:4 http://jp.archive.ubuntu.com/ubuntu jammy-security InRelease [129 kB]
Fetched 384 kB in 5s (82.6 kB/s)
Reading package lists...
Reading package lists...
Building dependency tree...
Reading state information...
lsb-release is already the newest version (11.1.0ubuntu4).
lsb-release set to manually installed.
ca-certificates is already the newest version (20240203~22.04.1).
ca-certificates set to manually installed.
curl is already the newest version (7.81.0-1ubuntu1.21).
curl set to manually installed.
gnupg is already the newest version (2.2.27-3ubuntu2.4).
gnupg set to manually installed.
0 upgraded, 0 newly installed, 0 to remove and 127 not upgraded.
